<?xml version="1.0"?><coverage lines-covered="323" lines-valid="334" line-rate="0.9670658682634731" branches-covered="0" branches-valid="0" branch-rate="0" complexity="0" version="1.9" timestamp="1776061063"><sources><source>/Users/user/Develop/personal/atomic-time</source></sources><packages><package name="benchmark/benches" line-rate="0" branch-rate="0" complexity="0"><classes></classes></package><package name="integration/src/bin" line-rate="0" branch-rate="0" complexity="0"><classes></classes></package><package name="src" line-rate="0.9969135802469136" branch-rate="0" complexity="0"><classes><class name="duration" filename="src/duration.rs" line-rate="1" branch-rate="0" complexity="0"><methods/><lines><line number="8" hits="1"/><line number="9" hits="3"/><line number="10" hits="3"/><line number="17" hits="1"/><line number="18" hits="1"/><line number="23" hits="1"/><line number="24" hits="2"/><line number="29" hits="50"/><line number="30" hits="100"/><line number="38" hits="4934"/><line number="39" hits="19736"/><line number="49" hits="12"/><line number="50" hits="60"/><line number="56" hits="3"/><line number="57" hits="18"/><line number="75" hits="4890"/><line number="82" hits="4890"/><line number="83" hits="4890"/><line number="85" hits="9780"/><line number="86" hits="9780"/><line number="87" hits="4890"/><line number="88" hits="4890"/><line number="90" hits="4890"/><line number="91" hits="4890"/><line number="107" hits="6"/><line number="114" hits="6"/><line number="115" hits="6"/><line number="117" hits="12"/><line number="118" hits="12"/><line number="119" hits="6"/><line number="120" hits="6"/><line number="122" hits="6"/><line number="123" hits="6"/><line number="157" hits="17"/><line number="166" hits="14"/><line number="167" hits="14"/><line number="168" hits="56"/><line number="169" hits="42"/><line number="171" hits="14"/><line number="172" hits="14"/><line number="179" hits="3"/><line number="180" hits="9"/><line number="195" hits="2"/><line number="196" hits="2"/><line number="201" hits="9866"/><line number="202" hits="19732"/><line number="203" hits="19732"/><line number="204" hits="9866"/><line number="208" hits="9864"/><line number="209" hits="19728"/><line number="210" hits="19728"/><line number="211" hits="29592"/></lines></class><class name="instant" filename="src/instant.rs" line-rate="0.9761904761904762" branch-rate="0" complexity="0"><methods/><lines><line number="10" hits="1"/><line number="11" hits="3"/><line number="12" hits="3"/><line number="18" hits="1"/><line number="19" hits="2"/><line number="31" hits="7"/><line number="32" hits="8"/><line number="36" hits="18"/><line number="37" hits="36"/><line number="41" hits="17"/><line number="42" hits="68"/><line number="46" hits="6"/><line number="47" hits="30"/><line number="51" hits="1"/><line number="52" hits="6"/><line number="57" hits="2"/><line number="64" hits="6"/><line number="65" hits="6"/><line number="66" hits="6"/><line number="67" hits="2"/><line number="68" hits="2"/><line number="70" hits="2"/><line number="71" hits="2"/><line number="77" hits="1"/><line number="84" hits="3"/><line number="85" hits="3"/><line number="86" hits="3"/><line number="87" hits="1"/><line number="88" hits="1"/><line number="90" hits="2"/><line number="91" hits="0"/><line number="129" hits="8"/><line number="138" hits="5"/><line number="139" hits="5"/><line number="140" hits="20"/><line number="141" hits="15"/><line number="143" hits="5"/><line number="144" hits="5"/><line number="159" hits="1"/><line number="160" hits="1"/><line number="168" hits="1"/><line number="169" hits="3"/></lines></class><class name="lib" filename="src/lib.rs" line-rate="1" branch-rate="0" complexity="0"><methods/><lines><line number="23" hits="136"/><line number="26" hits="277"/><line number="27" hits="10"/><line number="28" hits="5"/><line number="29" hits="5"/><line number="30" hits="10"/><line number="31" hits="5"/><line number="38" hits="70"/><line number="39" hits="210"/><line number="40" hits="70"/><line number="41" hits="12"/><line number="43" hits="128"/><line number="50" hits="66"/><line number="51" hits="198"/><line number="52" hits="66"/><line number="53" hits="118"/><line number="55" hits="14"/></lines></class><class name="option_duration" filename="src/option_duration.rs" line-rate="1" branch-rate="0" complexity="0"><methods/><lines><line number="8" hits="2"/><line number="9" hits="6"/><line number="10" hits="6"/><line number="17" hits="1"/><line number="18" hits="1"/><line number="23" hits="2"/><line number="24" hits="4"/><line number="29" hits="3"/><line number="30" hits="6"/><line number="34" hits="69"/><line number="35" hits="138"/><line number="43" hits="6022"/><line number="44" hits="24088"/><line number="54" hits="15"/><line number="55" hits="75"/><line number="61" hits="4"/><line number="62" hits="24"/><line number="80" hits="5962"/><line number="87" hits="5962"/><line number="88" hits="5962"/><line number="90" hits="11924"/><line number="91" hits="11924"/><line number="92" hits="5962"/><line number="93" hits="5962"/><line number="95" hits="5962"/><line number="96" hits="5962"/><line number="112" hits="8"/><line number="119" hits="8"/><line number="120" hits="8"/><line number="122" hits="16"/><line number="123" hits="16"/><line number="124" hits="8"/><line number="125" hits="8"/><line number="127" hits="8"/><line number="128" hits="8"/><line number="162" hits="20"/><line number="171" hits="17"/><line number="172" hits="17"/><line number="173" hits="68"/><line number="174" hits="51"/><line number="176" hits="17"/><line number="177" hits="17"/><line number="184" hits="6"/><line number="185" hits="18"/><line number="200" hits="2"/><line number="201" hits="2"/><line number="206" hits="12042"/><line number="207" hits="12042"/><line number="208" hits="12016"/><line number="209" hits="24032"/><line number="210" hits="24032"/><line number="211" hits="12016"/><line number="213" hits="26"/><line number="218" hits="12036"/><line number="219" hits="12036"/><line number="220" hits="27"/><line number="222" hits="24018"/><line number="223" hits="24018"/><line number="224" hits="24018"/></lines></class><class name="option_instant" filename="src/option_instant.rs" line-rate="1" branch-rate="0" complexity="0"><methods/><lines><line number="10" hits="1"/><line number="11" hits="3"/><line number="12" hits="3"/><line number="19" hits="1"/><line number="20" hits="1"/><line number="25" hits="2"/><line number="26" hits="4"/><line number="42" hits="5"/><line number="43" hits="5"/><line number="54" hits="7"/><line number="55" hits="8"/><line number="59" hits="18"/><line number="60" hits="36"/><line number="61" hits="18"/><line number="66" hits="20"/><line number="67" hits="80"/><line number="71" hits="6"/><line number="72" hits="30"/><line number="76" hits="1"/><line number="77" hits="1"/><line number="78" hits="1"/><line number="79" hits="4"/><line number="80" hits="1"/><line number="85" hits="2"/><line number="92" hits="6"/><line number="93" hits="6"/><line number="94" hits="6"/><line number="95" hits="2"/><line number="96" hits="2"/><line number="98" hits="2"/><line number="99" hits="2"/><line number="105" hits="2"/><line number="112" hits="6"/><line number="113" hits="6"/><line number="114" hits="6"/><line number="115" hits="2"/><line number="116" hits="2"/><line number="118" hits="2"/><line number="119" hits="2"/><line number="158" hits="9"/><line number="167" hits="6"/><line number="168" hits="6"/><line number="169" hits="24"/><line number="170" hits="12"/><line number="171" hits="14"/><line number="173" hits="14"/><line number="174" hits="10"/><line number="189" hits="1"/><line number="190" hits="1"/><line number="198" hits="2"/><line number="199" hits="6"/></lines></class><class name="option_system_time" filename="src/option_system_time.rs" line-rate="1" branch-rate="0" complexity="0"><methods/><lines><line number="11" hits="1"/><line number="12" hits="3"/><line number="13" hits="3"/><line number="20" hits="1"/><line number="21" hits="1"/><line number="29" hits="2"/><line number="30" hits="4"/><line number="46" hits="5"/><line number="47" hits="5"/><line number="58" hits="7"/><line number="59" hits="8"/><line number="67" hits="18"/><line number="68" hits="18"/><line number="69" hits="87"/><line number="74" hits="21"/><line number="75" hits="101"/><line number="83" hits="6"/><line number="84" hits="12"/><line number="85" hits="30"/><line number="86" hits="6"/><line number="95" hits="1"/><line number="96" hits="1"/><line number="97" hits="1"/><line number="99" hits="5"/><line number="100" hits="1"/><line number="102" hits="2"/><line number="111" hits="2"/><line number="118" hits="4"/><line number="119" hits="10"/><line number="120" hits="10"/><line number="121" hits="2"/><line number="122" hits="2"/><line number="124" hits="4"/><line number="125" hits="4"/><line number="135" hits="2"/><line number="142" hits="4"/><line number="143" hits="10"/><line number="144" hits="10"/><line number="145" hits="2"/><line number="146" hits="2"/><line number="148" hits="4"/><line number="149" hits="4"/><line number="192" hits="9"/><line number="201" hits="6"/><line number="202" hits="6"/><line number="203" hits="24"/><line number="204" hits="23"/><line number="205" hits="26"/><line number="207" hits="18"/><line number="208" hits="11"/><line number="223" hits="1"/><line number="224" hits="1"/><line number="232" hits="2"/><line number="233" hits="7"/></lines></class><class name="system_time" filename="src/system_time.rs" line-rate="1" branch-rate="0" complexity="0"><methods/><lines><line number="11" hits="1"/><line number="12" hits="3"/><line number="13" hits="3"/><line number="22" hits="1"/><line number="23" hits="2"/><line number="35" hits="7"/><line number="36" hits="8"/><line number="44" hits="17"/><line number="45" hits="34"/><line number="46" hits="34"/><line number="51" hits="18"/><line number="52" hits="36"/><line number="60" hits="5"/><line number="61" hits="10"/><line number="62" hits="15"/><line number="63" hits="5"/><line number="72" hits="1"/><line number="73" hits="1"/><line number="74" hits="3"/><line number="75" hits="3"/><line number="76" hits="1"/><line number="86" hits="2"/><line number="93" hits="6"/><line number="94" hits="8"/><line number="95" hits="8"/><line number="96" hits="2"/><line number="97" hits="2"/><line number="99" hits="2"/><line number="100" hits="2"/><line number="110" hits="3"/><line number="117" hits="9"/><line number="118" hits="12"/><line number="119" hits="12"/><line number="120" hits="3"/><line number="121" hits="3"/><line number="123" hits="2"/><line number="124" hits="4"/><line number="166" hits="8"/><line number="175" hits="5"/><line number="176" hits="5"/><line number="177" hits="20"/><line number="178" hits="5"/><line number="179" hits="14"/><line number="181" hits="8"/><line number="182" hits="7"/><line number="197" hits="1"/><line number="198" hits="1"/><line number="206" hits="1"/><line number="207" hits="1"/></lines></class></classes></package><package name="integration/src" line-rate="0" branch-rate="0" complexity="0"><classes></classes></package><package name="benchmark/src" line-rate="0" branch-rate="0" complexity="0"><classes><class name="lib" filename="benchmark/src/lib.rs" line-rate="0" branch-rate="0" complexity="0"><methods/><lines><line number="15" hits="0"/><line number="16" hits="0"/><line number="17" hits="0"/><line number="18" hits="0"/><line number="19" hits="0"/><line number="20" hits="0"/><line number="21" hits="0"/><line number="22" hits="0"/><line number="23" hits="0"/><line number="28" hits="0"/></lines></class></classes></package></packages></coverage>